<?xml version="1.0" encoding="UTF-8"?>
<!-- Generated by org.testng.reporters.JUnitXMLReporter -->
<testsuite ignored="1" hostname="Bye-Bye" failures="0" tests="1" name="Default test" time="8.766" errors="0" timestamp="2024-06-06T09:53:01 IST">
  <testcase classname="api.getProducts" name="getAllProductsTest" time="8.654"/>
  <testcase classname="api.getProducts" name="getDefaultProductsTest" time="0.0">
    <ignored/>
  </testcase> <!-- getDefaultProductsTest -->
</testsuite> <!-- Default test -->
