<?xml version="1.0" encoding="UTF-8"?>
<testng-results ignored="0" total="1" passed="1" failed="0" skipped="0">
  <reporter-output>
    <line>
      <![CDATA[Api preconditions and token generated]]>
    </line>
    <line>
      <![CDATA[Actual Execution starts from here]]>
    </line>
    <line>
      <![CDATA[VerifyTheAddedProductInApi-->Executed Successully]]>
    </line>
    <line>
      <![CDATA[After suite Executed]]>
    </line>
  </reporter-output>
  <suite started-at="2024-06-17T17:13:04 IST" name="Suite" finished-at="2024-06-17T17:13:33 IST" duration-ms="28592">
    <groups>
    </groups>
    <test started-at="2024-06-17T17:13:04 IST" name="Test" finished-at="2024-06-17T17:13:33 IST" duration-ms="28592">
      <class name="multiLayer.CartTest">
        <test-method is-config="true" signature="connectToDbAndGenerateToken()[pri:0, instance:multiLayer.CartTest@498d318c]" started-at="2024-06-17T17:12:58 IST" name="connectToDbAndGenerateToken" finished-at="2024-06-17T17:13:04 IST" duration-ms="5966" status="PASS">
          <reporter-output>
            <line>
              <![CDATA[Api preconditions and token generated]]>
            </line>
          </reporter-output>
        </test-method> <!-- connectToDbAndGenerateToken -->
        <test-method signature="VerifyTheAddedProductInApi()[pri:0, instance:multiLayer.CartTest@498d318c]" started-at="2024-06-17T17:13:05 IST" name="VerifyTheAddedProductInApi" finished-at="2024-06-17T17:13:33 IST" duration-ms="28170" status="PASS">
          <reporter-output>
            <line>
              <![CDATA[Actual Execution starts from here]]>
            </line>
            <line>
              <![CDATA[VerifyTheAddedProductInApi-->Executed Successully]]>
            </line>
          </reporter-output>
        </test-method> <!-- VerifyTheAddedProductInApi -->
        <test-method is-config="true" signature="closeDb()[pri:0, instance:multiLayer.CartTest@498d318c]" started-at="2024-06-17T17:13:33 IST" name="closeDb" finished-at="2024-06-17T17:13:33 IST" duration-ms="1" status="PASS">
          <reporter-output>
            <line>
              <![CDATA[After suite Executed]]>
            </line>
          </reporter-output>
        </test-method> <!-- closeDb -->
      </class> <!-- multiLayer.CartTest -->
    </test> <!-- Test -->
  </suite> <!-- Suite -->
</testng-results>
