<?xml version="1.0" encoding="UTF-8"?>
<testng-results ignored="0" total="2" passed="2" failed="0" skipped="0">
  <reporter-output>
    <line>
      <![CDATA[Api preconditions executed]]>
    </line>
    <line>
      <![CDATA[Actual Execution starts from here]]>
    </line>
    <line>
      <![CDATA[getAllProductsTest-->Executed Successully]]>
    </line>
    <line>
      <![CDATA[Actual Execution starts from here]]>
    </line>
    <line>
      <![CDATA[getDefaultProductsTest-->Executed Successully]]>
    </line>
    <line>
      <![CDATA[After suite Executed]]>
    </line>
  </reporter-output>
  <suite started-at="2024-06-01T15:45:06 IST" name="apisuit" finished-at="2024-06-01T15:45:14 IST" duration-ms="8479">
    <groups>
    </groups>
    <test started-at="2024-06-01T15:45:06 IST" name="Test" finished-at="2024-06-01T15:45:14 IST" duration-ms="8479">
      <class name="api.getProducts">
        <test-method is-config="true" signature="connectToDb()[pri:0, instance:api.getProducts@1afd44cb]" started-at="2024-06-01T15:45:05 IST" name="connectToDb" finished-at="2024-06-01T15:45:06 IST" duration-ms="1124" status="PASS">
          <reporter-output>
            <line>
              <![CDATA[Api preconditions executed]]>
            </line>
          </reporter-output>
        </test-method> <!-- connectToDb -->
        <test-method signature="getAllProductsTest()[pri:0, instance:api.getProducts@1afd44cb]" started-at="2024-06-01T15:45:07 IST" name="getAllProductsTest" finished-at="2024-06-01T15:45:12 IST" duration-ms="5216" status="PASS">
          <reporter-output>
            <line>
              <![CDATA[Actual Execution starts from here]]>
            </line>
            <line>
              <![CDATA[getAllProductsTest-->Executed Successully]]>
            </line>
          </reporter-output>
        </test-method> <!-- getAllProductsTest -->
        <test-method signature="getDefaultProductsTest()[pri:0, instance:api.getProducts@1afd44cb]" started-at="2024-06-01T15:45:12 IST" name="getDefaultProductsTest" finished-at="2024-06-01T15:45:14 IST" duration-ms="2596" status="PASS">
          <reporter-output>
            <line>
              <![CDATA[Actual Execution starts from here]]>
            </line>
            <line>
              <![CDATA[getDefaultProductsTest-->Executed Successully]]>
            </line>
          </reporter-output>
        </test-method> <!-- getDefaultProductsTest -->
        <test-method is-config="true" signature="closeDb()[pri:0, instance:api.getProducts@1afd44cb]" started-at="2024-06-01T15:45:15 IST" name="closeDb" finished-at="2024-06-01T15:45:15 IST" duration-ms="1" status="PASS">
          <reporter-output>
            <line>
              <![CDATA[After suite Executed]]>
            </line>
          </reporter-output>
        </test-method> <!-- closeDb -->
      </class> <!-- api.getProducts -->
    </test> <!-- Test -->
  </suite> <!-- apisuit -->
</testng-results>
