<?xml version="1.0" encoding="UTF-8"?>
<testng-results ignored="0" total="1" passed="1" failed="0" skipped="0">
  <reporter-output>
    <line>
      <![CDATA[Api preconditions and token generated]]>
    </line>
    <line>
      <![CDATA[Actual Execution starts from here]]>
    </line>
    <line>
      <![CDATA[VerifyTheAddedProductInApi-->Executed Successully]]>
    </line>
    <line>
      <![CDATA[After suite Executed]]>
    </line>
  </reporter-output>
  <suite started-at="2024-06-17T17:07:01 IST" name="Suite" finished-at="2024-06-17T17:07:29 IST" duration-ms="27882">
    <groups>
    </groups>
    <test started-at="2024-06-17T17:07:01 IST" name="Test" finished-at="2024-06-17T17:07:29 IST" duration-ms="27882">
      <class name="multiLayer.CartTest">
        <test-method is-config="true" signature="connectToDbAndGenerateToken()[pri:0, instance:multiLayer.CartTest@4802796d]" started-at="2024-06-17T17:06:55 IST" name="connectToDbAndGenerateToken" finished-at="2024-06-17T17:07:01 IST" duration-ms="5926" status="PASS">
          <reporter-output>
            <line>
              <![CDATA[Api preconditions and token generated]]>
            </line>
          </reporter-output>
        </test-method> <!-- connectToDbAndGenerateToken -->
        <test-method signature="VerifyTheAddedProductInApi()[pri:0, instance:multiLayer.CartTest@4802796d]" started-at="2024-06-17T17:07:02 IST" name="VerifyTheAddedProductInApi" finished-at="2024-06-17T17:07:29 IST" duration-ms="27424" status="PASS">
          <reporter-output>
            <line>
              <![CDATA[Actual Execution starts from here]]>
            </line>
            <line>
              <![CDATA[VerifyTheAddedProductInApi-->Executed Successully]]>
            </line>
          </reporter-output>
        </test-method> <!-- VerifyTheAddedProductInApi -->
        <test-method is-config="true" signature="closeDb()[pri:0, instance:multiLayer.CartTest@4802796d]" started-at="2024-06-17T17:07:30 IST" name="closeDb" finished-at="2024-06-17T17:07:30 IST" duration-ms="3" status="PASS">
          <reporter-output>
            <line>
              <![CDATA[After suite Executed]]>
            </line>
          </reporter-output>
        </test-method> <!-- closeDb -->
      </class> <!-- multiLayer.CartTest -->
    </test> <!-- Test -->
  </suite> <!-- Suite -->
</testng-results>
